<?xml version="1.0" encoding="UTF-8"?>
<testng-results ignored="0" total="3" passed="3" failed="0" skipped="0">
  <reporter-output>
  </reporter-output>
  <suite started-at="2024-02-28T23:01:44 PST" name="Surefire suite" finished-at="2024-02-28T23:01:51 PST" duration-ms="7073">
    <groups>
      <group name="cucumber">
        <method signature="AbstractTestNGCucumberTests.runScenario(io.cucumber.testng.PickleWrapper,io.cucumber.testng.FeatureWrapper)[pri:0, instance:runner.TestRunner@6c130c45]" name="runScenario" class="io.cucumber.testng.AbstractTestNGCucumberTests"/>
      </group> <!-- cucumber -->
    </groups>
    <test started-at="2024-02-28T23:01:44 PST" name="Surefire test" finished-at="2024-02-28T23:01:51 PST" duration-ms="7073">
      <class name="runner.TestRunner">
        <test-method is-config="true" signature="setUpClass(org.testng.ITestContext)[pri:0, instance:runner.TestRunner@6c130c45]" started-at="2024-02-28T23:01:44 PST" name="setUpClass" finished-at="2024-02-28T23:01:45 PST" duration-ms="442" status="PASS">
          <params>
            <param index="0">
              <value>
                <![CDATA[org.testng.TestRunner@183fc2fa]]>
              </value>
            </param>
          </params>
          <reporter-output>
          </reporter-output>
        </test-method> <!-- setUpClass -->
        <test-method signature="runScenario(io.cucumber.testng.PickleWrapper,io.cucumber.testng.FeatureWrapper)[pri:0, instance:runner.TestRunner@6c130c45]" started-at="2024-02-28T23:01:45 PST" name="runScenario" description="Runs Cucumber Scenarios" data-provider="scenarios" finished-at="2024-02-28T23:01:47 PST" duration-ms="2723" status="PASS">
          <params>
            <param index="0">
              <value>
                <![CDATA["Check authorized user able to get all the Users with Valid URL and valid endpoint"]]>
              </value>
            </param>
            <param index="1">
              <value>
                <![CDATA["GET - All Users"]]>
              </value>
            </param>
          </params>
          <reporter-output>
          </reporter-output>
        </test-method> <!-- runScenario -->
        <test-method signature="runScenario(io.cucumber.testng.PickleWrapper,io.cucumber.testng.FeatureWrapper)[pri:0, instance:runner.TestRunner@6c130c45]" started-at="2024-02-28T23:01:47 PST" name="runScenario" description="Runs Cucumber Scenarios" data-provider="scenarios" finished-at="2024-02-28T23:01:49 PST" duration-ms="1541" status="PASS">
          <params>
            <param index="0">
              <value>
                <![CDATA["Check authorized user make call to get all the Users with Valid URL and invalid endpoint"]]>
              </value>
            </param>
            <param index="1">
              <value>
                <![CDATA["GET - All Users"]]>
              </value>
            </param>
          </params>
          <reporter-output>
          </reporter-output>
        </test-method> <!-- runScenario -->
        <test-method signature="runScenario(io.cucumber.testng.PickleWrapper,io.cucumber.testng.FeatureWrapper)[pri:0, instance:runner.TestRunner@6c130c45]" started-at="2024-02-28T23:01:49 PST" name="runScenario" description="Runs Cucumber Scenarios" data-provider="scenarios" finished-at="2024-02-28T23:01:50 PST" duration-ms="728" status="PASS">
          <params>
            <param index="0">
              <value>
                <![CDATA["Check unauthorized user able to get all the Users with Valid URL and invalid endpoint"]]>
              </value>
            </param>
            <param index="1">
              <value>
                <![CDATA["GET - All Users"]]>
              </value>
            </param>
          </params>
          <reporter-output>
          </reporter-output>
        </test-method> <!-- runScenario -->
        <test-method is-config="true" signature="tearDownClass()[pri:0, instance:runner.TestRunner@6c130c45]" started-at="2024-02-28T23:01:50 PST" name="tearDownClass" finished-at="2024-02-28T23:01:51 PST" duration-ms="1597" status="PASS">
          <reporter-output>
          </reporter-output>
        </test-method> <!-- tearDownClass -->
      </class> <!-- runner.TestRunner -->
    </test> <!-- Surefire test -->
  </suite> <!-- Surefire suite -->
</testng-results>
