<?xml version="1.0" encoding="UTF-8"?>
<testng-results ignored="0" total="3" passed="3" failed="0" skipped="0">
  <reporter-output>
  </reporter-output>
  <suite started-at="2024-02-28T23:11:59 PST" name="Default suite" finished-at="2024-02-28T23:12:06 PST" duration-ms="7034">
    <groups>
      <group name="cucumber">
        <method signature="AbstractTestNGCucumberTests.runScenario(io.cucumber.testng.PickleWrapper,io.cucumber.testng.FeatureWrapper)[pri:0, instance:runner.TestRunner@7ce69770]" name="runScenario" class="io.cucumber.testng.AbstractTestNGCucumberTests"/>
      </group> <!-- cucumber -->
    </groups>
    <test started-at="2024-02-28T23:11:59 PST" name="Default test" finished-at="2024-02-28T23:12:06 PST" duration-ms="7034">
      <class name="runner.TestRunner">
        <test-method is-config="true" signature="setUpClass(org.testng.ITestContext)[pri:0, instance:runner.TestRunner@7ce69770]" started-at="2024-02-28T23:11:59 PST" name="setUpClass" finished-at="2024-02-28T23:12:00 PST" duration-ms="489" status="PASS">
          <params>
            <param index="0">
              <value>
                <![CDATA[org.testng.TestRunner@37775bb1]]>
              </value>
            </param>
          </params>
          <reporter-output>
          </reporter-output>
        </test-method> <!-- setUpClass -->
        <test-method signature="runScenario(io.cucumber.testng.PickleWrapper,io.cucumber.testng.FeatureWrapper)[pri:0, instance:runner.TestRunner@7ce69770]" started-at="2024-02-28T23:12:00 PST" name="runScenario" description="Runs Cucumber Scenarios" data-provider="scenarios" finished-at="2024-02-28T23:12:02 PST" duration-ms="2772" status="PASS">
          <params>
            <param index="0">
              <value>
                <![CDATA["Check authorized user able to get all the Users with Valid URL and valid endpoint"]]>
              </value>
            </param>
            <param index="1">
              <value>
                <![CDATA["GET - All Users"]]>
              </value>
            </param>
          </params>
          <reporter-output>
          </reporter-output>
        </test-method> <!-- runScenario -->
        <test-method signature="runScenario(io.cucumber.testng.PickleWrapper,io.cucumber.testng.FeatureWrapper)[pri:0, instance:runner.TestRunner@7ce69770]" started-at="2024-02-28T23:12:02 PST" name="runScenario" description="Runs Cucumber Scenarios" data-provider="scenarios" finished-at="2024-02-28T23:12:04 PST" duration-ms="1054" status="PASS">
          <params>
            <param index="0">
              <value>
                <![CDATA["Check authorized user make call to get all the Users with Valid URL and invalid endpoint"]]>
              </value>
            </param>
            <param index="1">
              <value>
                <![CDATA["GET - All Users"]]>
              </value>
            </param>
          </params>
          <reporter-output>
          </reporter-output>
        </test-method> <!-- runScenario -->
        <test-method signature="runScenario(io.cucumber.testng.PickleWrapper,io.cucumber.testng.FeatureWrapper)[pri:0, instance:runner.TestRunner@7ce69770]" started-at="2024-02-28T23:12:04 PST" name="runScenario" description="Runs Cucumber Scenarios" data-provider="scenarios" finished-at="2024-02-28T23:12:04 PST" duration-ms="812" status="PASS">
          <params>
            <param index="0">
              <value>
                <![CDATA["Check unauthorized user able to get all the Users with Valid URL and invalid endpoint"]]>
              </value>
            </param>
            <param index="1">
              <value>
                <![CDATA["GET - All Users"]]>
              </value>
            </param>
          </params>
          <reporter-output>
          </reporter-output>
        </test-method> <!-- runScenario -->
        <test-method is-config="true" signature="tearDownClass()[pri:0, instance:runner.TestRunner@7ce69770]" started-at="2024-02-28T23:12:04 PST" name="tearDownClass" finished-at="2024-02-28T23:12:06 PST" duration-ms="1860" status="PASS">
          <reporter-output>
          </reporter-output>
        </test-method> <!-- tearDownClass -->
      </class> <!-- runner.TestRunner -->
    </test> <!-- Default test -->
  </suite> <!-- Default suite -->
</testng-results>
